  Track.cpp
  PlaylistFileProcessor.cpp
  MiddleGUI.cpp
  PlaylistComponent.cpp
  WaveformDisplay.cpp
  DeckGUI.cpp
  DJAudioPlayer.cpp
  MainComponent.cpp
C:\Users\Brenda Akoda\Documents\1. YEAR 2 - UNIVERSITY OF LONDON\OOP\Final Project\Final Project Submitted - Copy\OtoDecks_Final_DJ_App\OtoDecks_Final_DJ_App\Source\MiddleGUI.cpp(75,64): warning C4244: 'argument': conversion from 'double' to 'float', possible loss of data
C:\Users\Brenda Akoda\Documents\1. YEAR 2 - UNIVERSITY OF LONDON\OOP\Final Project\Final Project Submitted - Copy\OtoDecks_Final_DJ_App\OtoDecks_Final_DJ_App\Source\MiddleGUI.cpp(75,39): warning C4244: 'argument': conversion from 'int' to 'float', possible loss of data
C:\Users\Brenda Akoda\Documents\1. YEAR 2 - UNIVERSITY OF LONDON\OOP\Final Project\Final Project Submitted - Copy\OtoDecks_Final_DJ_App\OtoDecks_Final_DJ_App\Source\MiddleGUI.cpp(74,58): warning C4244: 'argument': conversion from 'double' to 'float', possible loss of data
C:\Users\Brenda Akoda\Documents\1. YEAR 2 - UNIVERSITY OF LONDON\OOP\Final Project\Final Project Submitted - Copy\OtoDecks_Final_DJ_App\OtoDecks_Final_DJ_App\Source\MiddleGUI.cpp(77,77): warning C4244: 'argument': conversion from 'int' to 'float', possible loss of data
C:\Users\Brenda Akoda\Documents\1. YEAR 2 - UNIVERSITY OF LONDON\OOP\Final Project\Final Project Submitted - Copy\OtoDecks_Final_DJ_App\OtoDecks_Final_DJ_App\Source\MiddleGUI.cpp(77,47): warning C4244: 'argument': conversion from 'int' to 'float', possible loss of data
C:\Users\Brenda Akoda\Documents\1. YEAR 2 - UNIVERSITY OF LONDON\OOP\Final Project\Final Project Submitted - Copy\OtoDecks_Final_DJ_App\OtoDecks_Final_DJ_App\Source\MiddleGUI.cpp(76,76): warning C4244: 'argument': conversion from 'double' to 'float', possible loss of data
C:\Users\Brenda Akoda\Documents\1. YEAR 2 - UNIVERSITY OF LONDON\OOP\Final Project\Final Project Submitted - Copy\OtoDecks_Final_DJ_App\OtoDecks_Final_DJ_App\Source\MiddleGUI.cpp(79,77): warning C4244: 'argument': conversion from 'int' to 'float', possible loss of data
C:\Users\Brenda Akoda\Documents\1. YEAR 2 - UNIVERSITY OF LONDON\OOP\Final Project\Final Project Submitted - Copy\OtoDecks_Final_DJ_App\OtoDecks_Final_DJ_App\Source\MiddleGUI.cpp(79,47): warning C4244: 'argument': conversion from 'int' to 'float', possible loss of data
C:\Users\Brenda Akoda\Documents\1. YEAR 2 - UNIVERSITY OF LONDON\OOP\Final Project\Final Project Submitted - Copy\OtoDecks_Final_DJ_App\OtoDecks_Final_DJ_App\Source\MiddleGUI.cpp(78,102): warning C4244: 'argument': conversion from 'double' to 'float', possible loss of data
C:\Users\Brenda Akoda\Documents\1. YEAR 2 - UNIVERSITY OF LONDON\OOP\Final Project\Final Project Submitted - Copy\OtoDecks_Final_DJ_App\OtoDecks_Final_DJ_App\Source\MiddleGUI.cpp(78,31): warning C4244: 'argument': conversion from 'int' to 'float', possible loss of data
C:\Users\Brenda Akoda\Documents\1. YEAR 2 - UNIVERSITY OF LONDON\OOP\Final Project\Final Project Submitted - Copy\OtoDecks_Final_DJ_App\OtoDecks_Final_DJ_App\Source\MiddleGUI.cpp(81,52): warning C4244: 'argument': conversion from 'int' to 'float', possible loss of data
C:\Users\Brenda Akoda\Documents\1. YEAR 2 - UNIVERSITY OF LONDON\OOP\Final Project\Final Project Submitted - Copy\OtoDecks_Final_DJ_App\OtoDecks_Final_DJ_App\Source\MiddleGUI.cpp(80,70): warning C4244: 'argument': conversion from 'int' to 'float', possible loss of data
C:\Users\Brenda Akoda\Documents\1. YEAR 2 - UNIVERSITY OF LONDON\OOP\Final Project\Final Project Submitted - Copy\OtoDecks_Final_DJ_App\OtoDecks_Final_DJ_App\Source\MiddleGUI.cpp(80,44): warning C4244: 'argument': conversion from 'double' to 'float', possible loss of data
C:\Users\Brenda Akoda\Documents\1. YEAR 2 - UNIVERSITY OF LONDON\OOP\Final Project\Final Project Submitted - Copy\OtoDecks_Final_DJ_App\OtoDecks_Final_DJ_App\Source\MiddleGUI.cpp(83,77): warning C4244: 'argument': conversion from 'int' to 'float', possible loss of data
C:\Users\Brenda Akoda\Documents\1. YEAR 2 - UNIVERSITY OF LONDON\OOP\Final Project\Final Project Submitted - Copy\OtoDecks_Final_DJ_App\OtoDecks_Final_DJ_App\Source\MiddleGUI.cpp(83,47): warning C4244: 'argument': conversion from 'int' to 'float', possible loss of data
C:\Users\Brenda Akoda\Documents\1. YEAR 2 - UNIVERSITY OF LONDON\OOP\Final Project\Final Project Submitted - Copy\OtoDecks_Final_DJ_App\OtoDecks_Final_DJ_App\Source\MiddleGUI.cpp(82,70): warning C4244: 'argument': conversion from 'double' to 'float', possible loss of data
C:\Users\Brenda Akoda\Documents\1. YEAR 2 - UNIVERSITY OF LONDON\OOP\Final Project\Final Project Submitted - Copy\OtoDecks_Final_DJ_App\OtoDecks_Final_DJ_App\Source\MiddleGUI.cpp(82,31): warning C4244: 'argument': conversion from 'int' to 'float', possible loss of data
C:\Users\Brenda Akoda\Documents\1. YEAR 2 - UNIVERSITY OF LONDON\OOP\Final Project\Final Project Submitted - Copy\OtoDecks_Final_DJ_App\OtoDecks_Final_DJ_App\Source\MiddleGUI.cpp(89,82): warning C4244: 'argument': conversion from 'double' to 'ValueType', possible loss of data
          with
          [
              ValueType=float
          ]
C:\Users\Brenda Akoda\Documents\1. YEAR 2 - UNIVERSITY OF LONDON\OOP\Final Project\Final Project Submitted - Copy\OtoDecks_Final_DJ_App\OtoDecks_Final_DJ_App\Source\MiddleGUI.cpp(89,65): warning C4244: 'argument': conversion from 'int' to 'ValueType', possible loss of data
          with
          [
              ValueType=float
          ]
C:\Users\Brenda Akoda\Documents\1. YEAR 2 - UNIVERSITY OF LONDON\OOP\Final Project\Final Project Submitted - Copy\OtoDecks_Final_DJ_App\OtoDecks_Final_DJ_App\Source\MiddleGUI.cpp(89,46): warning C4244: 'argument': conversion from 'double' to 'ValueType', possible loss of data
          with
          [
              ValueType=float
          ]
C:\Users\Brenda Akoda\Documents\1. YEAR 2 - UNIVERSITY OF LONDON\OOP\Final Project\Final Project Submitted - Copy\OtoDecks_Final_DJ_App\OtoDecks_Final_DJ_App\Source\MiddleGUI.cpp(93,69): warning C4244: 'argument': conversion from 'double' to 'ValueType', possible loss of data
          with
          [
              ValueType=float
          ]
C:\Users\Brenda Akoda\Documents\1. YEAR 2 - UNIVERSITY OF LONDON\OOP\Final Project\Final Project Submitted - Copy\OtoDecks_Final_DJ_App\OtoDecks_Final_DJ_App\Source\MiddleGUI.cpp(93,60): warning C4244: 'argument': conversion from 'int' to 'ValueType', possible loss of data
          with
          [
              ValueType=float
          ]
C:\Users\Brenda Akoda\Documents\1. YEAR 2 - UNIVERSITY OF LONDON\OOP\Final Project\Final Project Submitted - Copy\OtoDecks_Final_DJ_App\OtoDecks_Final_DJ_App\Source\MiddleGUI.cpp(93,45): warning C4244: 'argument': conversion from 'double' to 'ValueType', possible loss of data
          with
          [
              ValueType=float
          ]
C:\Users\Brenda Akoda\Documents\1. YEAR 2 - UNIVERSITY OF LONDON\OOP\Final Project\Final Project Submitted - Copy\OtoDecks_Final_DJ_App\OtoDecks_Final_DJ_App\Source\MiddleGUI.cpp(99,76): warning C4244: 'argument': conversion from 'double' to 'ValueType', possible loss of data
          with
          [
              ValueType=float
          ]
C:\Users\Brenda Akoda\Documents\1. YEAR 2 - UNIVERSITY OF LONDON\OOP\Final Project\Final Project Submitted - Copy\OtoDecks_Final_DJ_App\OtoDecks_Final_DJ_App\Source\MiddleGUI.cpp(99,62): warning C4244: 'argument': conversion from 'int' to 'ValueType', possible loss of data
          with
          [
              ValueType=float
          ]
C:\Users\Brenda Akoda\Documents\1. YEAR 2 - UNIVERSITY OF LONDON\OOP\Final Project\Final Project Submitted - Copy\OtoDecks_Final_DJ_App\OtoDecks_Final_DJ_App\Source\MiddleGUI.cpp(103,88): warning C4244: 'argument': conversion from 'double' to 'ValueType', possible loss of data
          with
          [
              ValueType=float
          ]
C:\Users\Brenda Akoda\Documents\1. YEAR 2 - UNIVERSITY OF LONDON\OOP\Final Project\Final Project Submitted - Copy\OtoDecks_Final_DJ_App\OtoDecks_Final_DJ_App\Source\MiddleGUI.cpp(103,74): warning C4244: 'argument': conversion from 'int' to 'ValueType', possible loss of data
          with
          [
              ValueType=float
          ]
C:\Users\Brenda Akoda\Documents\1. YEAR 2 - UNIVERSITY OF LONDON\OOP\Final Project\Final Project Submitted - Copy\OtoDecks_Final_DJ_App\OtoDecks_Final_DJ_App\Source\MiddleGUI.cpp(103,53): warning C4244: 'argument': conversion from 'int' to 'ValueType', possible loss of data
          with
          [
              ValueType=float
          ]
C:\Users\Brenda Akoda\Documents\1. YEAR 2 - UNIVERSITY OF LONDON\OOP\Final Project\Final Project Submitted - Copy\OtoDecks_Final_DJ_App\OtoDecks_Final_DJ_App\Source\MiddleGUI.cpp(67,12): warning C4189: 'rowW': local variable is initialized but not referenced
C:\Users\Brenda Akoda\Documents\1. YEAR 2 - UNIVERSITY OF LONDON\OOP\Final Project\Final Project Submitted - Copy\OtoDecks_Final_DJ_App\OtoDecks_Final_DJ_App\Source\MiddleGUI.cpp(147,63): warning C4244: 'argument': conversion from 'double' to 'int', possible loss of data
C:\Users\Brenda Akoda\Documents\1. YEAR 2 - UNIVERSITY OF LONDON\OOP\Final Project\Final Project Submitted - Copy\OtoDecks_Final_DJ_App\OtoDecks_Final_DJ_App\Source\MiddleGUI.cpp(147,30): warning C4244: 'argument': conversion from 'double' to 'int', possible loss of data
C:\Users\Brenda Akoda\Documents\1. YEAR 2 - UNIVERSITY OF LONDON\OOP\Final Project\Final Project Submitted - Copy\OtoDecks_Final_DJ_App\OtoDecks_Final_DJ_App\Source\MiddleGUI.cpp(160,70): warning C4244: 'argument': conversion from 'double' to 'int', possible loss of data
C:\Users\Brenda Akoda\Documents\1. YEAR 2 - UNIVERSITY OF LONDON\OOP\Final Project\Final Project Submitted - Copy\OtoDecks_Final_DJ_App\OtoDecks_Final_DJ_App\Source\MiddleGUI.cpp(160,38): warning C4244: 'argument': conversion from 'double' to 'int', possible loss of data
C:\Users\Brenda Akoda\Documents\1. YEAR 2 - UNIVERSITY OF LONDON\OOP\Final Project\Final Project Submitted - Copy\OtoDecks_Final_DJ_App\OtoDecks_Final_DJ_App\Source\MiddleGUI.cpp(174,83): warning C4244: 'argument': conversion from 'double' to 'int', possible loss of data
C:\Users\Brenda Akoda\Documents\1. YEAR 2 - UNIVERSITY OF LONDON\OOP\Final Project\Final Project Submitted - Copy\OtoDecks_Final_DJ_App\OtoDecks_Final_DJ_App\Source\MiddleGUI.cpp(174,39): warning C4244: 'argument': conversion from 'double' to 'int', possible loss of data
C:\Users\Brenda Akoda\Documents\1. YEAR 2 - UNIVERSITY OF LONDON\OOP\Final Project\Final Project Submitted - Copy\OtoDecks_Final_DJ_App\OtoDecks_Final_DJ_App\Source\MiddleGUI.cpp(179,74): warning C4244: 'argument': conversion from 'double' to 'int', possible loss of data
C:\Users\Brenda Akoda\Documents\1. YEAR 2 - UNIVERSITY OF LONDON\OOP\Final Project\Final Project Submitted - Copy\OtoDecks_Final_DJ_App\OtoDecks_Final_DJ_App\Source\MiddleGUI.cpp(185,100): warning C4244: 'argument': conversion from 'double' to 'int', possible loss of data
C:\Users\Brenda Akoda\Documents\1. YEAR 2 - UNIVERSITY OF LONDON\OOP\Final Project\Final Project Submitted - Copy\OtoDecks_Final_DJ_App\OtoDecks_Final_DJ_App\Source\MiddleGUI.cpp(191,42): warning C4244: 'argument': conversion from 'double' to 'int', possible loss of data
C:\Users\Brenda Akoda\Documents\1. YEAR 2 - UNIVERSITY OF LONDON\OOP\Final Project\Final Project Submitted - Copy\OtoDecks_Final_DJ_App\OtoDecks_Final_DJ_App\Source\MiddleGUI.cpp(196,68): warning C4244: 'argument': conversion from 'double' to 'int', possible loss of data
C:\Users\Brenda Akoda\Documents\1. YEAR 2 - UNIVERSITY OF LONDON\OOP\Final Project\Final Project Submitted - Copy\OtoDecks_Final_DJ_App\OtoDecks_Final_DJ_App\Source\MiddleGUI.cpp(143,12): warning C4189: 'buttonW': local variable is initialized but not referenced
C:\Users\Brenda Akoda\Documents\1. YEAR 2 - UNIVERSITY OF LONDON\OOP\Final Project\Final Project Submitted - Copy\OtoDecks_Final_DJ_App\OtoDecks_Final_DJ_App\Source\PlaylistFileProcessor.cpp(66,42): warning C4101: 'e': unreferenced local variable
C:\Users\Brenda Akoda\Documents\1. YEAR 2 - UNIVERSITY OF LONDON\OOP\Final Project\Final Project Submitted - Copy\OtoDecks_Final_DJ_App\OtoDecks_Final_DJ_App\Source\PlaylistFileProcessor.cpp(105,49): warning C4267: '=': conversion from 'size_t' to 'int', possible loss of data
C:\Users\Brenda Akoda\Documents\1. YEAR 2 - UNIVERSITY OF LONDON\OOP\Final Project\Final Project Submitted - Copy\OtoDecks_Final_DJ_App\OtoDecks_Final_DJ_App\Source\PlaylistFileProcessor.cpp(107,51): warning C4267: '=': conversion from 'size_t' to 'int', possible loss of data
C:\Users\Brenda Akoda\Documents\1. YEAR 2 - UNIVERSITY OF LONDON\OOP\Final Project\Final Project Submitted - Copy\OtoDecks_Final_DJ_App\OtoDecks_Final_DJ_App\Source\PlaylistFileProcessor.cpp(161,47): warning C4456: declaration of 'line' hides previous local declaration
C:\Users\Brenda Akoda\Documents\1. YEAR 2 - UNIVERSITY OF LONDON\OOP\Final Project\Final Project Submitted - Copy\OtoDecks_Final_DJ_App\OtoDecks_Final_DJ_App\Source\PlaylistFileProcessor.cpp(137,17): message : see declaration of 'line'
C:\Users\Brenda Akoda\Documents\1. YEAR 2 - UNIVERSITY OF LONDON\OOP\Final Project\Final Project Submitted - Copy\OtoDecks_Final_DJ_App\OtoDecks_Final_DJ_App\Source\WaveformDisplay.cpp(102,72): warning C4100: 'source': unreferenced formal parameter
C:\Users\Brenda Akoda\Documents\1. YEAR 2 - UNIVERSITY OF LONDON\OOP\Final Project\Final Project Submitted - Copy\OtoDecks_Final_DJ_App\OtoDecks_Final_DJ_App\Source\DeckGUI.cpp(66,81): warning C4244: 'argument': conversion from 'double' to 'float', possible loss of data
C:\Users\Brenda Akoda\Documents\1. YEAR 2 - UNIVERSITY OF LONDON\OOP\Final Project\Final Project Submitted - Copy\OtoDecks_Final_DJ_App\OtoDecks_Final_DJ_App\Source\DeckGUI.cpp(66,65): warning C4244: 'argument': conversion from 'double' to 'float', possible loss of data
C:\Users\Brenda Akoda\Documents\1. YEAR 2 - UNIVERSITY OF LONDON\OOP\Final Project\Final Project Submitted - Copy\OtoDecks_Final_DJ_App\OtoDecks_Final_DJ_App\Source\DeckGUI.cpp(66,52): warning C4244: 'argument': conversion from 'double' to 'float', possible loss of data
C:\Users\Brenda Akoda\Documents\1. YEAR 2 - UNIVERSITY OF LONDON\OOP\Final Project\Final Project Submitted - Copy\OtoDecks_Final_DJ_App\OtoDecks_Final_DJ_App\Source\DeckGUI.cpp(66,36): warning C4244: 'argument': conversion from 'double' to 'float', possible loss of data
C:\Users\Brenda Akoda\Documents\1. YEAR 2 - UNIVERSITY OF LONDON\OOP\Final Project\Final Project Submitted - Copy\OtoDecks_Final_DJ_App\OtoDecks_Final_DJ_App\Source\DeckGUI.cpp(69,85): warning C4244: 'argument': conversion from 'double' to 'float', possible loss of data
C:\Users\Brenda Akoda\Documents\1. YEAR 2 - UNIVERSITY OF LONDON\OOP\Final Project\Final Project Submitted - Copy\OtoDecks_Final_DJ_App\OtoDecks_Final_DJ_App\Source\DeckGUI.cpp(69,69): warning C4244: 'argument': conversion from 'double' to 'float', possible loss of data
C:\Users\Brenda Akoda\Documents\1. YEAR 2 - UNIVERSITY OF LONDON\OOP\Final Project\Final Project Submitted - Copy\OtoDecks_Final_DJ_App\OtoDecks_Final_DJ_App\Source\DeckGUI.cpp(69,56): warning C4244: 'argument': conversion from 'double' to 'float', possible loss of data
C:\Users\Brenda Akoda\Documents\1. YEAR 2 - UNIVERSITY OF LONDON\OOP\Final Project\Final Project Submitted - Copy\OtoDecks_Final_DJ_App\OtoDecks_Final_DJ_App\Source\DeckGUI.cpp(69,40): warning C4244: 'argument': conversion from 'double' to 'float', possible loss of data
C:\Users\Brenda Akoda\Documents\1. YEAR 2 - UNIVERSITY OF LONDON\OOP\Final Project\Final Project Submitted - Copy\OtoDecks_Final_DJ_App\OtoDecks_Final_DJ_App\Source\DeckGUI.cpp(72,81): warning C4244: 'argument': conversion from 'double' to 'float', possible loss of data
C:\Users\Brenda Akoda\Documents\1. YEAR 2 - UNIVERSITY OF LONDON\OOP\Final Project\Final Project Submitted - Copy\OtoDecks_Final_DJ_App\OtoDecks_Final_DJ_App\Source\DeckGUI.cpp(72,65): warning C4244: 'argument': conversion from 'double' to 'float', possible loss of data
C:\Users\Brenda Akoda\Documents\1. YEAR 2 - UNIVERSITY OF LONDON\OOP\Final Project\Final Project Submitted - Copy\OtoDecks_Final_DJ_App\OtoDecks_Final_DJ_App\Source\DeckGUI.cpp(72,52): warning C4244: 'argument': conversion from 'double' to 'float', possible loss of data
C:\Users\Brenda Akoda\Documents\1. YEAR 2 - UNIVERSITY OF LONDON\OOP\Final Project\Final Project Submitted - Copy\OtoDecks_Final_DJ_App\OtoDecks_Final_DJ_App\Source\DeckGUI.cpp(72,36): warning C4244: 'argument': conversion from 'double' to 'float', possible loss of data
C:\Users\Brenda Akoda\Documents\1. YEAR 2 - UNIVERSITY OF LONDON\OOP\Final Project\Final Project Submitted - Copy\OtoDecks_Final_DJ_App\OtoDecks_Final_DJ_App\Source\DeckGUI.cpp(75,85): warning C4244: 'argument': conversion from 'double' to 'float', possible loss of data
C:\Users\Brenda Akoda\Documents\1. YEAR 2 - UNIVERSITY OF LONDON\OOP\Final Project\Final Project Submitted - Copy\OtoDecks_Final_DJ_App\OtoDecks_Final_DJ_App\Source\DeckGUI.cpp(75,69): warning C4244: 'argument': conversion from 'double' to 'float', possible loss of data
C:\Users\Brenda Akoda\Documents\1. YEAR 2 - UNIVERSITY OF LONDON\OOP\Final Project\Final Project Submitted - Copy\OtoDecks_Final_DJ_App\OtoDecks_Final_DJ_App\Source\DeckGUI.cpp(75,56): warning C4244: 'argument': conversion from 'double' to 'float', possible loss of data
C:\Users\Brenda Akoda\Documents\1. YEAR 2 - UNIVERSITY OF LONDON\OOP\Final Project\Final Project Submitted - Copy\OtoDecks_Final_DJ_App\OtoDecks_Final_DJ_App\Source\DeckGUI.cpp(75,40): warning C4244: 'argument': conversion from 'double' to 'float', possible loss of data
C:\Users\Brenda Akoda\Documents\1. YEAR 2 - UNIVERSITY OF LONDON\OOP\Final Project\Final Project Submitted - Copy\OtoDecks_Final_DJ_App\OtoDecks_Final_DJ_App\Source\DeckGUI.cpp(78,85): warning C4244: 'argument': conversion from 'double' to 'float', possible loss of data
C:\Users\Brenda Akoda\Documents\1. YEAR 2 - UNIVERSITY OF LONDON\OOP\Final Project\Final Project Submitted - Copy\OtoDecks_Final_DJ_App\OtoDecks_Final_DJ_App\Source\DeckGUI.cpp(78,69): warning C4244: 'argument': conversion from 'double' to 'float', possible loss of data
C:\Users\Brenda Akoda\Documents\1. YEAR 2 - UNIVERSITY OF LONDON\OOP\Final Project\Final Project Submitted - Copy\OtoDecks_Final_DJ_App\OtoDecks_Final_DJ_App\Source\DeckGUI.cpp(78,56): warning C4244: 'argument': conversion from 'double' to 'float', possible loss of data
C:\Users\Brenda Akoda\Documents\1. YEAR 2 - UNIVERSITY OF LONDON\OOP\Final Project\Final Project Submitted - Copy\OtoDecks_Final_DJ_App\OtoDecks_Final_DJ_App\Source\DeckGUI.cpp(78,40): warning C4244: 'argument': conversion from 'double' to 'float', possible loss of data
C:\Users\Brenda Akoda\Documents\1. YEAR 2 - UNIVERSITY OF LONDON\OOP\Final Project\Final Project Submitted - Copy\OtoDecks_Final_DJ_App\OtoDecks_Final_DJ_App\Source\DeckGUI.cpp(81,89): warning C4244: 'argument': conversion from 'double' to 'float', possible loss of data
C:\Users\Brenda Akoda\Documents\1. YEAR 2 - UNIVERSITY OF LONDON\OOP\Final Project\Final Project Submitted - Copy\OtoDecks_Final_DJ_App\OtoDecks_Final_DJ_App\Source\DeckGUI.cpp(81,73): warning C4244: 'argument': conversion from 'double' to 'float', possible loss of data
C:\Users\Brenda Akoda\Documents\1. YEAR 2 - UNIVERSITY OF LONDON\OOP\Final Project\Final Project Submitted - Copy\OtoDecks_Final_DJ_App\OtoDecks_Final_DJ_App\Source\DeckGUI.cpp(81,60): warning C4244: 'argument': conversion from 'double' to 'float', possible loss of data
C:\Users\Brenda Akoda\Documents\1. YEAR 2 - UNIVERSITY OF LONDON\OOP\Final Project\Final Project Submitted - Copy\OtoDecks_Final_DJ_App\OtoDecks_Final_DJ_App\Source\DeckGUI.cpp(81,44): warning C4244: 'argument': conversion from 'double' to 'float', possible loss of data
C:\Users\Brenda Akoda\Documents\1. YEAR 2 - UNIVERSITY OF LONDON\OOP\Final Project\Final Project Submitted - Copy\OtoDecks_Final_DJ_App\OtoDecks_Final_DJ_App\Source\DeckGUI.cpp(84,86): warning C4244: 'argument': conversion from 'double' to 'float', possible loss of data
C:\Users\Brenda Akoda\Documents\1. YEAR 2 - UNIVERSITY OF LONDON\OOP\Final Project\Final Project Submitted - Copy\OtoDecks_Final_DJ_App\OtoDecks_Final_DJ_App\Source\DeckGUI.cpp(84,70): warning C4244: 'argument': conversion from 'double' to 'float', possible loss of data
C:\Users\Brenda Akoda\Documents\1. YEAR 2 - UNIVERSITY OF LONDON\OOP\Final Project\Final Project Submitted - Copy\OtoDecks_Final_DJ_App\OtoDecks_Final_DJ_App\Source\DeckGUI.cpp(84,57): warning C4244: 'argument': conversion from 'double' to 'float', possible loss of data
C:\Users\Brenda Akoda\Documents\1. YEAR 2 - UNIVERSITY OF LONDON\OOP\Final Project\Final Project Submitted - Copy\OtoDecks_Final_DJ_App\OtoDecks_Final_DJ_App\Source\DeckGUI.cpp(84,40): warning C4244: 'argument': conversion from 'double' to 'float', possible loss of data
C:\Users\Brenda Akoda\Documents\1. YEAR 2 - UNIVERSITY OF LONDON\OOP\Final Project\Final Project Submitted - Copy\OtoDecks_Final_DJ_App\OtoDecks_Final_DJ_App\Source\DeckGUI.cpp(87,90): warning C4244: 'argument': conversion from 'double' to 'float', possible loss of data
C:\Users\Brenda Akoda\Documents\1. YEAR 2 - UNIVERSITY OF LONDON\OOP\Final Project\Final Project Submitted - Copy\OtoDecks_Final_DJ_App\OtoDecks_Final_DJ_App\Source\DeckGUI.cpp(87,74): warning C4244: 'argument': conversion from 'double' to 'float', possible loss of data
C:\Users\Brenda Akoda\Documents\1. YEAR 2 - UNIVERSITY OF LONDON\OOP\Final Project\Final Project Submitted - Copy\OtoDecks_Final_DJ_App\OtoDecks_Final_DJ_App\Source\DeckGUI.cpp(87,61): warning C4244: 'argument': conversion from 'double' to 'float', possible loss of data
C:\Users\Brenda Akoda\Documents\1. YEAR 2 - UNIVERSITY OF LONDON\OOP\Final Project\Final Project Submitted - Copy\OtoDecks_Final_DJ_App\OtoDecks_Final_DJ_App\Source\DeckGUI.cpp(87,44): warning C4244: 'argument': conversion from 'double' to 'float', possible loss of data
C:\Users\Brenda Akoda\Documents\1. YEAR 2 - UNIVERSITY OF LONDON\OOP\Final Project\Final Project Submitted - Copy\OtoDecks_Final_DJ_App\OtoDecks_Final_DJ_App\Source\DeckGUI.cpp(92,32): warning C4244: 'argument': conversion from 'double' to 'int', possible loss of data
C:\Users\Brenda Akoda\Documents\1. YEAR 2 - UNIVERSITY OF LONDON\OOP\Final Project\Final Project Submitted - Copy\OtoDecks_Final_DJ_App\OtoDecks_Final_DJ_App\Source\DeckGUI.cpp(91,68): warning C4244: 'argument': conversion from 'double' to 'int', possible loss of data
C:\Users\Brenda Akoda\Documents\1. YEAR 2 - UNIVERSITY OF LONDON\OOP\Final Project\Final Project Submitted - Copy\OtoDecks_Final_DJ_App\OtoDecks_Final_DJ_App\Source\DeckGUI.cpp(119,56): warning C4244: 'argument': conversion from 'double' to 'int', possible loss of data
C:\Users\Brenda Akoda\Documents\1. YEAR 2 - UNIVERSITY OF LONDON\OOP\Final Project\Final Project Submitted - Copy\OtoDecks_Final_DJ_App\OtoDecks_Final_DJ_App\Source\DeckGUI.cpp(119,46): warning C4244: 'argument': conversion from 'double' to 'int', possible loss of data
C:\Users\Brenda Akoda\Documents\1. YEAR 2 - UNIVERSITY OF LONDON\OOP\Final Project\Final Project Submitted - Copy\OtoDecks_Final_DJ_App\OtoDecks_Final_DJ_App\Source\DeckGUI.cpp(119,36): warning C4244: 'argument': conversion from 'double' to 'int', possible loss of data
C:\Users\Brenda Akoda\Documents\1. YEAR 2 - UNIVERSITY OF LONDON\OOP\Final Project\Final Project Submitted - Copy\OtoDecks_Final_DJ_App\OtoDecks_Final_DJ_App\Source\DeckGUI.cpp(119,25): warning C4244: 'argument': conversion from 'double' to 'int', possible loss of data
C:\Users\Brenda Akoda\Documents\1. YEAR 2 - UNIVERSITY OF LONDON\OOP\Final Project\Final Project Submitted - Copy\OtoDecks_Final_DJ_App\OtoDecks_Final_DJ_App\Source\DeckGUI.cpp(129,57): warning C4244: 'argument': conversion from 'double' to 'int', possible loss of data
C:\Users\Brenda Akoda\Documents\1. YEAR 2 - UNIVERSITY OF LONDON\OOP\Final Project\Final Project Submitted - Copy\OtoDecks_Final_DJ_App\OtoDecks_Final_DJ_App\Source\DeckGUI.cpp(225,64): warning C4100: 'files': unreferenced formal parameter
C:\Users\Brenda Akoda\Documents\1. YEAR 2 - UNIVERSITY OF LONDON\OOP\Final Project\Final Project Submitted - Copy\OtoDecks_Final_DJ_App\OtoDecks_Final_DJ_App\Source\DeckGUI.cpp(230,72): warning C4100: 'y': unreferenced formal parameter
C:\Users\Brenda Akoda\Documents\1. YEAR 2 - UNIVERSITY OF LONDON\OOP\Final Project\Final Project Submitted - Copy\OtoDecks_Final_DJ_App\OtoDecks_Final_DJ_App\Source\DeckGUI.cpp(230,65): warning C4100: 'x': unreferenced formal parameter
C:\Users\Brenda Akoda\Documents\1. YEAR 2 - UNIVERSITY OF LONDON\OOP\Final Project\Final Project Submitted - Copy\OtoDecks_Final_DJ_App\OtoDecks_Final_DJ_App\Source\DeckGUI.cpp(300,28): warning C4244: '=': conversion from 'juce::int64' to 'int', possible loss of data
C:\Users\Brenda Akoda\Documents\1. YEAR 2 - UNIVERSITY OF LONDON\OOP\Final Project\Final Project Submitted - Copy\OtoDecks_Final_DJ_App\OtoDecks_Final_DJ_App\Source\DeckGUI.cpp(308,17): warning C4244: 'initializing': conversion from 'double' to 'int', possible loss of data
C:\Users\Brenda Akoda\Documents\1. YEAR 2 - UNIVERSITY OF LONDON\OOP\Final Project\Final Project Submitted - Copy\OtoDecks_Final_DJ_App\OtoDecks_Final_DJ_App\Source\DeckGUI.cpp(309,17): warning C4244: 'initializing': conversion from 'double' to 'int', possible loss of data
C:\Users\Brenda Akoda\Documents\1. YEAR 2 - UNIVERSITY OF LONDON\OOP\Final Project\Final Project Submitted - Copy\OtoDecks_Final_DJ_App\OtoDecks_Final_DJ_App\Source\DeckGUI.cpp(296,71): warning C4996: 'juce::URL::createInputStream': New code should use the method which takes an InputStreamOptions argument instead.
C:\Users\Brenda Akoda\Documents\1. YEAR 2 - UNIVERSITY OF LONDON\OOP\Final Project\Final Project Submitted - Copy\OtoDecks_Final_DJ_App\OtoDecks_Final_DJ_App\Source\DeckGUI.cpp(366,59): warning C4244: 'argument': conversion from 'double' to 'int', possible loss of data
C:\Users\Brenda Akoda\Documents\1. YEAR 2 - UNIVERSITY OF LONDON\OOP\Final Project\Final Project Submitted - Copy\OtoDecks_Final_DJ_App\OtoDecks_Final_DJ_App\Source\DeckGUI.cpp(366,49): warning C4244: 'argument': conversion from 'double' to 'int', possible loss of data
C:\Users\Brenda Akoda\Documents\1. YEAR 2 - UNIVERSITY OF LONDON\OOP\Final Project\Final Project Submitted - Copy\OtoDecks_Final_DJ_App\OtoDecks_Final_DJ_App\Source\DeckGUI.cpp(366,36): warning C4244: 'argument': conversion from 'double' to 'int', possible loss of data
C:\Users\Brenda Akoda\Documents\1. YEAR 2 - UNIVERSITY OF LONDON\OOP\Final Project\Final Project Submitted - Copy\OtoDecks_Final_DJ_App\OtoDecks_Final_DJ_App\Source\DeckGUI.cpp(366,22): warning C4244: 'argument': conversion from 'double' to 'int', possible loss of data
C:\Users\Brenda Akoda\Documents\1. YEAR 2 - UNIVERSITY OF LONDON\OOP\Final Project\Final Project Submitted - Copy\OtoDecks_Final_DJ_App\OtoDecks_Final_DJ_App\Source\DeckGUI.cpp(375,61): warning C4244: 'argument': conversion from 'double' to 'float', possible loss of data
C:\Users\Brenda Akoda\Documents\1. YEAR 2 - UNIVERSITY OF LONDON\OOP\Final Project\Final Project Submitted - Copy\OtoDecks_Final_DJ_App\OtoDecks_Final_DJ_App\Source\PlaylistComponent.cpp(72,47): warning C4244: 'argument': conversion from 'double' to 'int', possible loss of data
C:\Users\Brenda Akoda\Documents\1. YEAR 2 - UNIVERSITY OF LONDON\OOP\Final Project\Final Project Submitted - Copy\OtoDecks_Final_DJ_App\OtoDecks_Final_DJ_App\Source\PlaylistComponent.cpp(72,42): warning C4244: 'argument': conversion from 'double' to 'int', possible loss of data
C:\Users\Brenda Akoda\Documents\1. YEAR 2 - UNIVERSITY OF LONDON\OOP\Final Project\Final Project Submitted - Copy\OtoDecks_Final_DJ_App\OtoDecks_Final_DJ_App\Source\PlaylistComponent.cpp(77,67): warning C4244: 'argument': conversion from 'double' to 'int', possible loss of data
C:\Users\Brenda Akoda\Documents\1. YEAR 2 - UNIVERSITY OF LONDON\OOP\Final Project\Final Project Submitted - Copy\OtoDecks_Final_DJ_App\OtoDecks_Final_DJ_App\Source\PlaylistComponent.cpp(77,61): warning C4244: 'argument': conversion from 'double' to 'int', possible loss of data
C:\Users\Brenda Akoda\Documents\1. YEAR 2 - UNIVERSITY OF LONDON\OOP\Final Project\Final Project Submitted - Copy\OtoDecks_Final_DJ_App\OtoDecks_Final_DJ_App\Source\PlaylistComponent.cpp(77,42): warning C4244: 'argument': conversion from 'double' to 'int', possible loss of data
C:\Users\Brenda Akoda\Documents\1. YEAR 2 - UNIVERSITY OF LONDON\OOP\Final Project\Final Project Submitted - Copy\OtoDecks_Final_DJ_App\OtoDecks_Final_DJ_App\Source\PlaylistComponent.cpp(78,68): warning C4244: 'argument': conversion from 'double' to 'int', possible loss of data
C:\Users\Brenda Akoda\Documents\1. YEAR 2 - UNIVERSITY OF LONDON\OOP\Final Project\Final Project Submitted - Copy\OtoDecks_Final_DJ_App\OtoDecks_Final_DJ_App\Source\PlaylistComponent.cpp(78,38): warning C4244: 'argument': conversion from 'double' to 'int', possible loss of data
C:\Users\Brenda Akoda\Documents\1. YEAR 2 - UNIVERSITY OF LONDON\OOP\Final Project\Final Project Submitted - Copy\OtoDecks_Final_DJ_App\OtoDecks_Final_DJ_App\Source\PlaylistComponent.cpp(83,34): warning C4267: 'return': conversion from 'size_t' to 'int', possible loss of data
C:\Users\Brenda Akoda\Documents\1. YEAR 2 - UNIVERSITY OF LONDON\OOP\Final Project\Final Project Submitted - Copy\OtoDecks_Final_DJ_App\OtoDecks_Final_DJ_App\Source\PlaylistComponent.cpp(89,48): warning C4100: 'height': unreferenced formal parameter
C:\Users\Brenda Akoda\Documents\1. YEAR 2 - UNIVERSITY OF LONDON\OOP\Final Project\Final Project Submitted - Copy\OtoDecks_Final_DJ_App\OtoDecks_Final_DJ_App\Source\PlaylistComponent.cpp(88,48): warning C4100: 'width': unreferenced formal parameter
C:\Users\Brenda Akoda\Documents\1. YEAR 2 - UNIVERSITY OF LONDON\OOP\Final Project\Final Project Submitted - Copy\OtoDecks_Final_DJ_App\OtoDecks_Final_DJ_App\Source\PlaylistComponent.cpp(111,40): warning C4100: 'rowIsSelected': unreferenced formal parameter
C:\Users\Brenda Akoda\Documents\1. YEAR 2 - UNIVERSITY OF LONDON\OOP\Final Project\Final Project Submitted - Copy\OtoDecks_Final_DJ_App\OtoDecks_Final_DJ_App\Source\PlaylistComponent.cpp(141,66): warning C4100: 'isRowSelected': unreferenced formal parameter
C:\Users\Brenda Akoda\Documents\1. YEAR 2 - UNIVERSITY OF LONDON\OOP\Final Project\Final Project Submitted - Copy\OtoDecks_Final_DJ_App\OtoDecks_Final_DJ_App\Source\PlaylistComponent.cpp(255,35): warning C4458: declaration of 'componentID' hides class member
C:\Users\Brenda Akoda\Documents\1. YEAR 2 - UNIVERSITY OF LONDON\OOP\Final Project\JUCE\modules\juce_gui_basics\components\juce_Component.h(2534,27): message : see declaration of 'juce::Component::componentID' (compiling source file ..\..\Source\PlaylistComponent.cpp)
C:\Users\Brenda Akoda\Documents\1. YEAR 2 - UNIVERSITY OF LONDON\OOP\Final Project\Final Project Submitted - Copy\OtoDecks_Final_DJ_App\OtoDecks_Final_DJ_App\Source\PlaylistComponent.cpp(259,58): warning C4267: 'initializing': conversion from 'size_t' to 'int', possible loss of data
C:\Users\Brenda Akoda\Documents\1. YEAR 2 - UNIVERSITY OF LONDON\OOP\Final Project\Final Project Submitted - Copy\OtoDecks_Final_DJ_App\OtoDecks_Final_DJ_App\Source\PlaylistComponent.cpp(268,58): warning C4267: 'initializing': conversion from 'size_t' to 'int', possible loss of data
C:\Users\Brenda Akoda\Documents\1. YEAR 2 - UNIVERSITY OF LONDON\OOP\Final Project\Final Project Submitted - Copy\OtoDecks_Final_DJ_App\OtoDecks_Final_DJ_App\Source\PlaylistComponent.cpp(316,73): warning C4100: 'files': unreferenced formal parameter
C:\Users\Brenda Akoda\Documents\1. YEAR 2 - UNIVERSITY OF LONDON\OOP\Final Project\Final Project Submitted - Copy\OtoDecks_Final_DJ_App\OtoDecks_Final_DJ_App\Source\PlaylistComponent.cpp(333,51): warning C4267: 'initializing': conversion from 'size_t' to 'unsigned int', possible loss of data
C:\Users\Brenda Akoda\Documents\1. YEAR 2 - UNIVERSITY OF LONDON\OOP\Final Project\Final Project Submitted - Copy\OtoDecks_Final_DJ_App\OtoDecks_Final_DJ_App\Source\PlaylistComponent.cpp(349,51): warning C4267: 'initializing': conversion from 'size_t' to 'unsigned int', possible loss of data
C:\Users\Brenda Akoda\Documents\1. YEAR 2 - UNIVERSITY OF LONDON\OOP\Final Project\Final Project Submitted - Copy\OtoDecks_Final_DJ_App\OtoDecks_Final_DJ_App\Source\PlaylistComponent.cpp(321,81): warning C4100: 'y': unreferenced formal parameter
C:\Users\Brenda Akoda\Documents\1. YEAR 2 - UNIVERSITY OF LONDON\OOP\Final Project\Final Project Submitted - Copy\OtoDecks_Final_DJ_App\OtoDecks_Final_DJ_App\Source\PlaylistComponent.cpp(321,74): warning C4100: 'x': unreferenced formal parameter
C:\Users\Brenda Akoda\Documents\1. YEAR 2 - UNIVERSITY OF LONDON\OOP\Final Project\Final Project Submitted - Copy\OtoDecks_Final_DJ_App\OtoDecks_Final_DJ_App\Source\PlaylistComponent.cpp(333,26): warning C4189: 'songID': local variable is initialized but not referenced
C:\Users\Brenda Akoda\Documents\1. YEAR 2 - UNIVERSITY OF LONDON\OOP\Final Project\Final Project Submitted - Copy\OtoDecks_Final_DJ_App\OtoDecks_Final_DJ_App\Source\PlaylistComponent.cpp(349,26): warning C4189: 'songID': local variable is initialized but not referenced
C:\Users\Brenda Akoda\Documents\1. YEAR 2 - UNIVERSITY OF LONDON\OOP\Final Project\Final Project Submitted - Copy\OtoDecks_Final_DJ_App\OtoDecks_Final_DJ_App\Source\DJAudioPlayer.cpp(48,58): warning C4996: 'juce::URL::createInputStream': New code should use the method which takes an InputStreamOptions argument instead.
C:\Users\Brenda Akoda\Documents\1. YEAR 2 - UNIVERSITY OF LONDON\OOP\Final Project\Final Project Submitted - Copy\OtoDecks_Final_DJ_App\OtoDecks_Final_DJ_App\Source\DJAudioPlayer.cpp(76,33): warning C4244: 'argument': conversion from 'double' to 'float', possible loss of data
C:\Users\Brenda Akoda\Documents\1. YEAR 2 - UNIVERSITY OF LONDON\OOP\Final Project\Final Project Submitted - Copy\OtoDecks_Final_DJ_App\OtoDecks_Final_DJ_App\Source\MainComponent.cpp(87,51): warning C4244: 'argument': conversion from 'double' to 'int', possible loss of data
C:\Users\Brenda Akoda\Documents\1. YEAR 2 - UNIVERSITY OF LONDON\OOP\Final Project\Final Project Submitted - Copy\OtoDecks_Final_DJ_App\OtoDecks_Final_DJ_App\Source\MainComponent.cpp(87,35): warning C4244: 'argument': conversion from 'double' to 'int', possible loss of data
C:\Users\Brenda Akoda\Documents\1. YEAR 2 - UNIVERSITY OF LONDON\OOP\Final Project\Final Project Submitted - Copy\OtoDecks_Final_DJ_App\OtoDecks_Final_DJ_App\Source\MainComponent.cpp(88,58): warning C4244: 'argument': conversion from 'double' to 'int', possible loss of data
C:\Users\Brenda Akoda\Documents\1. YEAR 2 - UNIVERSITY OF LONDON\OOP\Final Project\Final Project Submitted - Copy\OtoDecks_Final_DJ_App\OtoDecks_Final_DJ_App\Source\MainComponent.cpp(88,42): warning C4244: 'argument': conversion from 'double' to 'int', possible loss of data
C:\Users\Brenda Akoda\Documents\1. YEAR 2 - UNIVERSITY OF LONDON\OOP\Final Project\Final Project Submitted - Copy\OtoDecks_Final_DJ_App\OtoDecks_Final_DJ_App\Source\MainComponent.cpp(88,29): warning C4244: 'argument': conversion from 'double' to 'int', possible loss of data
C:\Users\Brenda Akoda\Documents\1. YEAR 2 - UNIVERSITY OF LONDON\OOP\Final Project\Final Project Submitted - Copy\OtoDecks_Final_DJ_App\OtoDecks_Final_DJ_App\Source\MainComponent.cpp(89,56): warning C4244: 'argument': conversion from 'double' to 'int', possible loss of data
C:\Users\Brenda Akoda\Documents\1. YEAR 2 - UNIVERSITY OF LONDON\OOP\Final Project\Final Project Submitted - Copy\OtoDecks_Final_DJ_App\OtoDecks_Final_DJ_App\Source\MainComponent.cpp(89,39): warning C4244: 'argument': conversion from 'double' to 'int', possible loss of data
C:\Users\Brenda Akoda\Documents\1. YEAR 2 - UNIVERSITY OF LONDON\OOP\Final Project\Final Project Submitted - Copy\OtoDecks_Final_DJ_App\OtoDecks_Final_DJ_App\Source\MainComponent.cpp(89,31): warning C4244: 'argument': conversion from 'double' to 'int', possible loss of data
C:\Users\Brenda Akoda\Documents\1. YEAR 2 - UNIVERSITY OF LONDON\OOP\Final Project\Final Project Submitted - Copy\OtoDecks_Final_DJ_App\OtoDecks_Final_DJ_App\Source\MainComponent.cpp(90,56): warning C4244: 'argument': conversion from 'double' to 'int', possible loss of data
C:\Users\Brenda Akoda\Documents\1. YEAR 2 - UNIVERSITY OF LONDON\OOP\Final Project\Final Project Submitted - Copy\OtoDecks_Final_DJ_App\OtoDecks_Final_DJ_App\Source\MainComponent.cpp(90,39): warning C4244: 'argument': conversion from 'double' to 'int', possible loss of data
C:\Users\Brenda Akoda\Documents\1. YEAR 2 - UNIVERSITY OF LONDON\OOP\Final Project\Final Project Submitted - Copy\OtoDecks_Final_DJ_App\OtoDecks_Final_DJ_App\Source\MainComponent.cpp(90,31): warning C4244: 'argument': conversion from 'double' to 'int', possible loss of data
C:\Users\Brenda Akoda\Documents\1. YEAR 2 - UNIVERSITY OF LONDON\OOP\Final Project\Final Project Submitted - Copy\OtoDecks_Final_DJ_App\OtoDecks_Final_DJ_App\Source\MainComponent.cpp(91,76): warning C4244: 'argument': conversion from 'double' to 'int', possible loss of data
C:\Users\Brenda Akoda\Documents\1. YEAR 2 - UNIVERSITY OF LONDON\OOP\Final Project\Final Project Submitted - Copy\OtoDecks_Final_DJ_App\OtoDecks_Final_DJ_App\Source\MainComponent.cpp(91,47): warning C4244: 'argument': conversion from 'double' to 'int', possible loss of data
  Main.cpp
  include_juce_audio_basics.cpp
  include_juce_audio_devices.cpp
  include_juce_audio_formats.cpp
  include_juce_audio_processors.cpp
  include_juce_audio_utils.cpp
  include_juce_core.cpp
  include_juce_cryptography.cpp
  include_juce_data_structures.cpp
  include_juce_dsp.cpp
C:\Users\Brenda Akoda\Documents\1. YEAR 2 - UNIVERSITY OF LONDON\OOP\Final Project\Final Project Submitted - Copy\OtoDecks_Final_DJ_App\OtoDecks_Final_DJ_App\Source\Main.cpp(25,36): warning C4100: 'commandLine': unreferenced formal parameter
C:\Users\Brenda Akoda\Documents\1. YEAR 2 - UNIVERSITY OF LONDON\OOP\Final Project\Final Project Submitted - Copy\OtoDecks_Final_DJ_App\OtoDecks_Final_DJ_App\Source\Main.cpp(47,48): warning C4100: 'commandLine': unreferenced formal parameter
  include_juce_events.cpp
  include_juce_graphics.cpp
  include_juce_gui_extra.cpp
  include_juce_opengl.cpp
  include_juce_gui_basics.cpp
  Generating code
  Finished generating code
  OtoDecks_App.vcxproj -> C:\Users\Brenda Akoda\Documents\1. YEAR 2 - UNIVERSITY OF LONDON\OOP\Final Project\Final Project Submitted - Copy\OtoDecks_Final_DJ_App\OtoDecks_Final_DJ_App\Builds\VisualStudio2019\x64\Release\App\OtoDecks.exe
